[ 2016-08-13T23:16:35+08:00 ] 127.0.0.1 /duomi/index.php/apiv1/dataanalysis/createData?spreadName=%E6%9C%89%E7%B1%B3&date=2016-8-12
INFO: [ app_init ] --START--
INFO: Run Behavior\BuildLiteBehavior [ RunTime:0.000000s ]
INFO: [ app_init ] --END-- [ RunTime:0.000000s ]
INFO: [ app_begin ] --START--
INFO: Run Behavior\ReadHtmlCacheBehavior [ RunTime:0.001000s ]
INFO: [ app_begin ] --END-- [ RunTime:0.001000s ]
ERR: 无法加载控制器:Dataanalysis

[ 2016-08-13T23:16:56+08:00 ] 127.0.0.1 /duomi/index.php/apiv1/dataanalysis
INFO: [ app_init ] --START--
INFO: Run Behavior\BuildLiteBehavior [ RunTime:0.000000s ]
INFO: [ app_init ] --END-- [ RunTime:0.000000s ]
INFO: [ app_begin ] --START--
INFO: Run Behavior\ReadHtmlCacheBehavior [ RunTime:0.000000s ]
INFO: [ app_begin ] --END-- [ RunTime:0.001000s ]
ERR: 无法加载控制器:Dataanalysis

[ 2016-08-13T23:17:12+08:00 ] 127.0.0.1 /duomi/index.php/apiv1/DataAnalysis
INFO: [ app_init ] --START--
INFO: Run Behavior\BuildLiteBehavior [ RunTime:0.000000s ]
INFO: [ app_init ] --END-- [ RunTime:0.000000s ]
INFO: [ app_begin ] --START--
INFO: Run Behavior\ReadHtmlCacheBehavior [ RunTime:0.001000s ]
INFO: [ app_begin ] --END-- [ RunTime:0.001000s ]
ERR: 无法加载控制器:DataAnalysis

[ 2016-08-13T23:17:40+08:00 ] 127.0.0.1 /duomi/index.php/APIv1/dataAnalysis/
INFO: [ app_init ] --START--
INFO: Run Behavior\BuildLiteBehavior [ RunTime:0.000000s ]
INFO: [ app_init ] --END-- [ RunTime:0.000000s ]
INFO: [ app_begin ] --START--
INFO: Run Behavior\ReadHtmlCacheBehavior [ RunTime:0.000000s ]
INFO: [ app_begin ] --END-- [ RunTime:0.000000s ]
INFO: [ view_parse ] --START--
INFO: Run Behavior\ParseTemplateBehavior [ RunTime:0.000000s ]
INFO: [ view_parse ] --END-- [ RunTime:0.000000s ]
INFO: [ view_filter ] --START--
INFO: Run Behavior\WriteHtmlCacheBehavior [ RunTime:0.001000s ]
INFO: [ view_filter ] --END-- [ RunTime:0.001000s ]
INFO: [ app_end ] --START--
INFO: Run Behavior\ShowPageTraceBehavior [ RunTime:0.002000s ]
INFO: [ app_end ] --END-- [ RunTime:0.002000s ]

[ 2016-08-13T23:17:48+08:00 ] 127.0.0.1 /duomi/index.php/APIv1/DataAnalysis/
INFO: [ app_init ] --START--
INFO: Run Behavior\BuildLiteBehavior [ RunTime:0.000000s ]
INFO: [ app_init ] --END-- [ RunTime:0.000000s ]
INFO: [ app_begin ] --START--
INFO: Run Behavior\ReadHtmlCacheBehavior [ RunTime:0.000000s ]
INFO: [ app_begin ] --END-- [ RunTime:0.000000s ]
INFO: [ view_parse ] --START--
INFO: Run Behavior\ParseTemplateBehavior [ RunTime:0.000000s ]
INFO: [ view_parse ] --END-- [ RunTime:0.000000s ]
INFO: [ view_filter ] --START--
INFO: Run Behavior\WriteHtmlCacheBehavior [ RunTime:0.000000s ]
INFO: [ view_filter ] --END-- [ RunTime:0.000000s ]
INFO: [ app_end ] --START--
INFO: Run Behavior\ShowPageTraceBehavior [ RunTime:0.000000s ]
INFO: [ app_end ] --END-- [ RunTime:0.000000s ]

[ 2016-08-13T23:17:53+08:00 ] 127.0.0.1 /duomi/index.php/aPIv1/DataAnalysis/
INFO: [ app_init ] --START--
INFO: Run Behavior\BuildLiteBehavior [ RunTime:0.000000s ]
INFO: [ app_init ] --END-- [ RunTime:0.000000s ]
INFO: [ app_begin ] --START--
INFO: Run Behavior\ReadHtmlCacheBehavior [ RunTime:0.000000s ]
INFO: [ app_begin ] --END-- [ RunTime:0.000000s ]
INFO: [ view_parse ] --START--
INFO: Run Behavior\ParseTemplateBehavior [ RunTime:0.001000s ]
INFO: [ view_parse ] --END-- [ RunTime:0.001000s ]
INFO: [ view_filter ] --START--
INFO: Run Behavior\WriteHtmlCacheBehavior [ RunTime:0.000000s ]
INFO: [ view_filter ] --END-- [ RunTime:0.000000s ]
INFO: [ app_end ] --START--
INFO: Run Behavior\ShowPageTraceBehavior [ RunTime:0.000000s ]
INFO: [ app_end ] --END-- [ RunTime:0.000000s ]

[ 2016-08-13T23:18:36+08:00 ] 127.0.0.1 /duomi/index.php/APIv1/DataAnalysis/createData?spreadName=%E6%9C%89%E7%B1%B3&date=2016-8-12
INFO: [ app_init ] --START--
INFO: Run Behavior\BuildLiteBehavior [ RunTime:0.000000s ]
INFO: [ app_init ] --END-- [ RunTime:0.000000s ]
INFO: [ app_begin ] --START--
INFO: Run Behavior\ReadHtmlCacheBehavior [ RunTime:0.000000s ]
INFO: [ app_begin ] --END-- [ RunTime:0.000000s ]
ERR: 参数错误或者未定义:spreaderName

[ 2016-08-13T23:18:49+08:00 ] 127.0.0.1 /duomi/index.php/APIv1/DataAnalysis/createData?spreaderName=%E6%9C%89%E7%B1%B3&date=2016-8-12
INFO: [ app_init ] --START--
INFO: Run Behavior\BuildLiteBehavior [ RunTime:0.000000s ]
INFO: [ app_init ] --END-- [ RunTime:0.000000s ]
INFO: [ app_begin ] --START--
INFO: Run Behavior\ReadHtmlCacheBehavior [ RunTime:0.000000s ]
INFO: [ app_begin ] --END-- [ RunTime:0.000000s ]
ERR: 1146:Table 'wwwmoremoneyappcomdomi.yjsdata_' doesn't exist
 [ SQL语句 ] : SELECT count(*) FROM `yjsdata_` WHERE ( source_name='有米苹果' and create_time>='2016-8-12' and create_time<='2016-08-14' ) LIMIT 1  
ERR: 1146:Table 'wwwmoremoneyappcomdomi.yjsdata_' doesn't exist
 [ SQL语句 ] : SELECT count(*) FROM `yjsdata_` WHERE ( source_name='有米苹果' and create_time>='2016-8-12' and create_time<='2016-08-14' ) LIMIT 1  

[ 2016-08-13T23:20:36+08:00 ] 127.0.0.1 /duomi/index.php/APIv1/DataAnalysis/createData?spreaderName=%E6%9C%89%E7%B1%B3&date=2016-8-12
INFO: [ app_init ] --START--
INFO: Run Behavior\BuildLiteBehavior [ RunTime:0.000000s ]
INFO: [ app_init ] --END-- [ RunTime:0.000000s ]
INFO: [ app_begin ] --START--
INFO: Run Behavior\ReadHtmlCacheBehavior [ RunTime:0.001000s ]
INFO: [ app_begin ] --END-- [ RunTime:0.001000s ]
SQL: SHOW COLUMNS FROM `yjsdata_spread` [ RunTime:0.0060s ]
SQL: SELECT count(*) FROM `yjsdata_spread` WHERE ( source_name='有米苹果' and create_time>='2016-8-12' and create_time<='2016-08-14' ) LIMIT 1   [ RunTime:0.1000s ]
SQL: SELECT count(*) FROM `yjsdata_spread` WHERE ( source_name='有米安卓' and create_time>='2016-8-12' and create_time<='2016-08-14' ) LIMIT 1   [ RunTime:0.1040s ]
SQL: SELECT count(*) FROM (( SELECT * FROM yjsdata_spread AS s JOIN ( SELECT id AS user_id, apns_code AS ac FROM yjsdata_user ) AS t1 WHERE t1.ac = s.apns_code AND s.source_name ='有米苹果' AND create_time >= '2016-8-12' and create_time<='2016-08-14') as t) [ RunTime:0.8881s ]
SQL: SELECT count(*) FROM (( SELECT * FROM yjsdata_spread AS s JOIN ( SELECT id AS user_id, apns_code AS ac FROM yjsdata_user ) AS t1 WHERE t1.ac = s.apns_code AND s.source_name ='有米安卓' AND create_time >= '2016-8-12' and create_time<='2016-08-14') as t) [ RunTime:0.9831s ]
SQL: SELECT count(DISTINCT user_id) FROM yjsdata_deal_load WHERE user_id IN ( SELECT user_id FROM (( SELECT * FROM yjsdata_spread AS s JOIN ( SELECT id AS user_id, apns_code AS ac FROM yjsdata_user ) AS t1 WHERE t1.ac = s.apns_code AND s.source_name='有米苹果' AND create_time >= '2016-8-12' and create_time<='2016-08-14') AS t )) [ RunTime:0.8921s ]
SQL: SELECT count(DISTINCT user_id) FROM yjsdata_deal_load WHERE user_id IN ( SELECT user_id FROM (( SELECT * FROM yjsdata_spread AS s JOIN ( SELECT id AS user_id, apns_code AS ac FROM yjsdata_user ) AS t1 WHERE t1.ac = s.apns_code AND s.source_name='有米安卓' AND create_time >= '2016-8-12' and create_time<='2016-08-14') AS t )) [ RunTime:0.9611s ]
INFO: [ app_end ] --START--
INFO: Run Behavior\ShowPageTraceBehavior [ RunTime:0.001000s ]
INFO: [ app_end ] --END-- [ RunTime:0.001000s ]

[ 2016-08-13T23:20:40+08:00 ] 127.0.0.1 /duomi/index.php/APIv1/DataAnalysis/createData?spreaderName=%E6%9C%89%E7%B1%B3&date=2016-8-12
INFO: [ app_init ] --START--
INFO: Run Behavior\BuildLiteBehavior [ RunTime:0.000000s ]
INFO: [ app_init ] --END-- [ RunTime:0.000000s ]
INFO: [ app_begin ] --START--
INFO: Run Behavior\ReadHtmlCacheBehavior [ RunTime:0.000000s ]
INFO: [ app_begin ] --END-- [ RunTime:0.000000s ]
SQL: SHOW COLUMNS FROM `yjsdata_spread` [ RunTime:0.0060s ]
SQL: SELECT count(*) FROM `yjsdata_spread` WHERE ( source_name='有米苹果' and create_time>='2016-8-12' and create_time<='2016-08-14' ) LIMIT 1   [ RunTime:0.1000s ]
SQL: SELECT count(*) FROM `yjsdata_spread` WHERE ( source_name='有米安卓' and create_time>='2016-8-12' and create_time<='2016-08-14' ) LIMIT 1   [ RunTime:0.1050s ]
SQL: SELECT count(*) FROM (( SELECT * FROM yjsdata_spread AS s JOIN ( SELECT id AS user_id, apns_code AS ac FROM yjsdata_user ) AS t1 WHERE t1.ac = s.apns_code AND s.source_name ='有米苹果' AND create_time >= '2016-8-12' and create_time<='2016-08-14') as t) [ RunTime:0.8991s ]
SQL: SELECT count(*) FROM (( SELECT * FROM yjsdata_spread AS s JOIN ( SELECT id AS user_id, apns_code AS ac FROM yjsdata_user ) AS t1 WHERE t1.ac = s.apns_code AND s.source_name ='有米安卓' AND create_time >= '2016-8-12' and create_time<='2016-08-14') as t) [ RunTime:0.9651s ]
SQL: SELECT count(DISTINCT user_id) FROM yjsdata_deal_load WHERE user_id IN ( SELECT user_id FROM (( SELECT * FROM yjsdata_spread AS s JOIN ( SELECT id AS user_id, apns_code AS ac FROM yjsdata_user ) AS t1 WHERE t1.ac = s.apns_code AND s.source_name='有米苹果' AND create_time >= '2016-8-12' and create_time<='2016-08-14') AS t )) [ RunTime:0.9171s ]
SQL: SELECT count(DISTINCT user_id) FROM yjsdata_deal_load WHERE user_id IN ( SELECT user_id FROM (( SELECT * FROM yjsdata_spread AS s JOIN ( SELECT id AS user_id, apns_code AS ac FROM yjsdata_user ) AS t1 WHERE t1.ac = s.apns_code AND s.source_name='有米安卓' AND create_time >= '2016-8-12' and create_time<='2016-08-14') AS t )) [ RunTime:0.9831s ]
INFO: [ app_end ] --START--
INFO: Run Behavior\ShowPageTraceBehavior [ RunTime:0.002000s ]
INFO: [ app_end ] --END-- [ RunTime:0.002000s ]

[ 2016-08-13T23:21:35+08:00 ] 127.0.0.1 /duomi/index.php/APIv1/DataAnalysis/createData?spreaderName=%E6%9C%89%E7%B1%B3&date=2016-8-12
INFO: [ app_init ] --START--
INFO: Run Behavior\BuildLiteBehavior [ RunTime:0.000000s ]
INFO: [ app_init ] --END-- [ RunTime:0.000000s ]
INFO: [ app_begin ] --START--
INFO: Run Behavior\ReadHtmlCacheBehavior [ RunTime:0.000000s ]
INFO: [ app_begin ] --END-- [ RunTime:0.000000s ]
SQL: SHOW COLUMNS FROM `yjsdata_spread` [ RunTime:0.0070s ]
SQL: SELECT count(*) FROM `yjsdata_spread` WHERE ( source_name='有米苹果' and create_time>='2016-8-12' and create_time<='2016-08-14' ) LIMIT 1   [ RunTime:0.1030s ]
SQL: SELECT count(*) FROM `yjsdata_spread` WHERE ( source_name='有米安卓' and create_time>='2016-8-12' and create_time<='2016-08-14' ) LIMIT 1   [ RunTime:0.1070s ]
SQL: SELECT count(*) FROM (( SELECT * FROM yjsdata_spread AS s JOIN ( SELECT id AS user_id, apns_code AS ac FROM yjsdata_user ) AS t1 WHERE t1.ac = s.apns_code AND s.source_name ='有米苹果' AND create_time >= '2016-8-12' and create_time<='2016-08-14') as t) [ RunTime:0.8961s ]
SQL: SELECT count(*) FROM (( SELECT * FROM yjsdata_spread AS s JOIN ( SELECT id AS user_id, apns_code AS ac FROM yjsdata_user ) AS t1 WHERE t1.ac = s.apns_code AND s.source_name ='有米安卓' AND create_time >= '2016-8-12' and create_time<='2016-08-14') as t) [ RunTime:0.9671s ]
SQL: SELECT count(DISTINCT user_id) FROM yjsdata_deal_load WHERE user_id IN ( SELECT user_id FROM (( SELECT * FROM yjsdata_spread AS s JOIN ( SELECT id AS user_id, apns_code AS ac FROM yjsdata_user ) AS t1 WHERE t1.ac = s.apns_code AND s.source_name='有米苹果' AND create_time >= '2016-8-12' and create_time<='2016-08-14') AS t )) [ RunTime:0.9241s ]
SQL: SELECT count(DISTINCT user_id) FROM yjsdata_deal_load WHERE user_id IN ( SELECT user_id FROM (( SELECT * FROM yjsdata_spread AS s JOIN ( SELECT id AS user_id, apns_code AS ac FROM yjsdata_user ) AS t1 WHERE t1.ac = s.apns_code AND s.source_name='有米安卓' AND create_time >= '2016-8-12' and create_time<='2016-08-14') AS t )) [ RunTime:0.9891s ]
INFO: [ app_end ] --START--
INFO: Run Behavior\ShowPageTraceBehavior [ RunTime:0.000000s ]
INFO: [ app_end ] --END-- [ RunTime:0.000000s ]

[ 2016-08-13T23:26:27+08:00 ] 127.0.0.1 /duomi/index.php/APIv1/DataAnalysis/createData?spreaderName=%E6%9C%89%E7%B1%B3&date=2016-8-12
INFO: [ app_init ] --START--
INFO: Run Behavior\BuildLiteBehavior [ RunTime:0.000000s ]
INFO: [ app_init ] --END-- [ RunTime:0.000000s ]
INFO: [ app_begin ] --START--
INFO: Run Behavior\ReadHtmlCacheBehavior [ RunTime:0.000000s ]
INFO: [ app_begin ] --END-- [ RunTime:0.000000s ]
SQL: SHOW COLUMNS FROM `yjsdata_spread` [ RunTime:0.0060s ]
SQL: SELECT count(*) FROM `yjsdata_spread` WHERE ( source_name='有米苹果' and create_time>='2016-8-12' and create_time<='2016-08-14' ) LIMIT 1   [ RunTime:0.1050s ]
SQL: SELECT count(*) FROM `yjsdata_spread` WHERE ( source_name='有米安卓' and create_time>='2016-8-12' and create_time<='2016-08-14' ) LIMIT 1   [ RunTime:0.1050s ]
SQL: SELECT count(*) FROM (( SELECT * FROM yjsdata_spread AS s JOIN ( SELECT id AS user_id, apns_code AS ac FROM yjsdata_user ) AS t1 WHERE t1.ac = s.apns_code AND s.source_name ='有米苹果' AND create_time >= '2016-8-12' and create_time<='2016-08-14') as t) [ RunTime:0.8961s ]
SQL: SELECT count(*) FROM (( SELECT * FROM yjsdata_spread AS s JOIN ( SELECT id AS user_id, apns_code AS ac FROM yjsdata_user ) AS t1 WHERE t1.ac = s.apns_code AND s.source_name ='有米安卓' AND create_time >= '2016-8-12' and create_time<='2016-08-14') as t) [ RunTime:0.9691s ]
SQL: SELECT count(DISTINCT user_id) FROM yjsdata_deal_load WHERE user_id IN ( SELECT user_id FROM (( SELECT * FROM yjsdata_spread AS s JOIN ( SELECT id AS user_id, apns_code AS ac FROM yjsdata_user ) AS t1 WHERE t1.ac = s.apns_code AND s.source_name='有米苹果' AND create_time >= '2016-8-12' and create_time<='2016-08-14') AS t )) [ RunTime:0.8941s ]
SQL: SELECT count(DISTINCT user_id) FROM yjsdata_deal_load WHERE user_id IN ( SELECT user_id FROM (( SELECT * FROM yjsdata_spread AS s JOIN ( SELECT id AS user_id, apns_code AS ac FROM yjsdata_user ) AS t1 WHERE t1.ac = s.apns_code AND s.source_name='有米安卓' AND create_time >= '2016-8-12' and create_time<='2016-08-14') AS t )) [ RunTime:0.9771s ]
INFO: [ app_end ] --START--
INFO: Run Behavior\ShowPageTraceBehavior [ RunTime:0.001000s ]
INFO: [ app_end ] --END-- [ RunTime:0.001000s ]

[ 2016-08-13T23:38:37+08:00 ] 127.0.0.1 /duomi/index.php/APIv1/DataAnalysis/createData?spreaderName=%E6%9C%89%E7%B1%B3&date=2016-8-12
INFO: [ app_init ] --START--
INFO: Run Behavior\BuildLiteBehavior [ RunTime:0.000000s ]
INFO: [ app_init ] --END-- [ RunTime:0.000000s ]
INFO: [ app_begin ] --START--
INFO: Run Behavior\ReadHtmlCacheBehavior [ RunTime:0.001000s ]
INFO: [ app_begin ] --END-- [ RunTime:0.001000s ]
SQL: SHOW COLUMNS FROM `yjsdata_spread` [ RunTime:0.0070s ]
SQL: SELECT count(*) FROM `yjsdata_spread` WHERE ( source_name='有米苹果' and create_time>='2016-8-12' and create_time<='2016-08-14' ) LIMIT 1   [ RunTime:0.1000s ]
SQL: SELECT count(*) FROM `yjsdata_spread` WHERE ( source_name='有米安卓' and create_time>='2016-8-12' and create_time<='2016-08-14' ) LIMIT 1   [ RunTime:0.1040s ]
SQL: SELECT count(*) FROM (( SELECT * FROM yjsdata_spread AS s JOIN ( SELECT id AS user_id, apns_code AS ac FROM yjsdata_user ) AS t1 WHERE t1.ac = s.apns_code AND s.source_name ='有米苹果' AND create_time >= '2016-8-12' and create_time<='2016-08-14') as t) [ RunTime:0.8921s ]
SQL: SELECT count(*) FROM (( SELECT * FROM yjsdata_spread AS s JOIN ( SELECT id AS user_id, apns_code AS ac FROM yjsdata_user ) AS t1 WHERE t1.ac = s.apns_code AND s.source_name ='有米安卓' AND create_time >= '2016-8-12' and create_time<='2016-08-14') as t) [ RunTime:0.9631s ]
SQL: SELECT count(DISTINCT user_id) FROM yjsdata_deal_load WHERE user_id IN ( SELECT user_id FROM (( SELECT * FROM yjsdata_spread AS s JOIN ( SELECT id AS user_id, apns_code AS ac FROM yjsdata_user ) AS t1 WHERE t1.ac = s.apns_code AND s.source_name='有米苹果' AND create_time >= '2016-8-12' and create_time<='2016-08-14') AS t )) [ RunTime:0.9381s ]
SQL: SELECT count(DISTINCT user_id) FROM yjsdata_deal_load WHERE user_id IN ( SELECT user_id FROM (( SELECT * FROM yjsdata_spread AS s JOIN ( SELECT id AS user_id, apns_code AS ac FROM yjsdata_user ) AS t1 WHERE t1.ac = s.apns_code AND s.source_name='有米安卓' AND create_time >= '2016-8-12' and create_time<='2016-08-14') AS t )) [ RunTime:0.9591s ]
ERR: 1064:You have an error in your SQL syntax; check the manual that corresponds to your MySQL server version for the right syntax to use near ''有米苹果' AND create_time >= '2016-8-12' and create_time<='2016-08-14') AS ' at line 1
 [ SQL语句 ] : SELECT sum(money) FROM yjsdata_deal_load WHERE user_id IN ( SELECT user_id FROM (( SELECT * FROM yjsdata_spread AS s JOIN ( SELECT id AS user_id, apns_code AS ac FROM yjsdata_user ) AS t1 WHERE t1.ac = s.apns_code AND s.source_name '有米苹果' AND create_time >= '2016-8-12' and create_time<='2016-08-14') AS t ))
ERR: 1064:You have an error in your SQL syntax; check the manual that corresponds to your MySQL server version for the right syntax to use near ''有米苹果' AND create_time >= '2016-8-12' and create_time<='2016-08-14') AS ' at line 1
 [ SQL语句 ] : SELECT sum(money) FROM yjsdata_deal_load WHERE user_id IN ( SELECT user_id FROM (( SELECT * FROM yjsdata_spread AS s JOIN ( SELECT id AS user_id, apns_code AS ac FROM yjsdata_user ) AS t1 WHERE t1.ac = s.apns_code AND s.source_name '有米苹果' AND create_time >= '2016-8-12' and create_time<='2016-08-14') AS t ))

[ 2016-08-13T23:38:51+08:00 ] 127.0.0.1 /duomi/index.php/APIv1/DataAnalysis/createData?spreaderName=%E6%9C%89%E7%B1%B3&date=2016-8-12
INFO: [ app_init ] --START--
INFO: Run Behavior\BuildLiteBehavior [ RunTime:0.000000s ]
INFO: [ app_init ] --END-- [ RunTime:0.000000s ]
INFO: [ app_begin ] --START--
INFO: Run Behavior\ReadHtmlCacheBehavior [ RunTime:0.000000s ]
INFO: [ app_begin ] --END-- [ RunTime:0.000000s ]
SQL: SHOW COLUMNS FROM `yjsdata_spread` [ RunTime:0.0060s ]
SQL: SELECT count(*) FROM `yjsdata_spread` WHERE ( source_name='有米苹果' and create_time>='2016-8-12' and create_time<='2016-08-14' ) LIMIT 1   [ RunTime:0.1020s ]
SQL: SELECT count(*) FROM `yjsdata_spread` WHERE ( source_name='有米安卓' and create_time>='2016-8-12' and create_time<='2016-08-14' ) LIMIT 1   [ RunTime:0.1040s ]
SQL: SELECT count(*) FROM (( SELECT * FROM yjsdata_spread AS s JOIN ( SELECT id AS user_id, apns_code AS ac FROM yjsdata_user ) AS t1 WHERE t1.ac = s.apns_code AND s.source_name ='有米苹果' AND create_time >= '2016-8-12' and create_time<='2016-08-14') as t) [ RunTime:0.8991s ]
SQL: SELECT count(*) FROM (( SELECT * FROM yjsdata_spread AS s JOIN ( SELECT id AS user_id, apns_code AS ac FROM yjsdata_user ) AS t1 WHERE t1.ac = s.apns_code AND s.source_name ='有米安卓' AND create_time >= '2016-8-12' and create_time<='2016-08-14') as t) [ RunTime:0.9611s ]
SQL: SELECT count(DISTINCT user_id) FROM yjsdata_deal_load WHERE user_id IN ( SELECT user_id FROM (( SELECT * FROM yjsdata_spread AS s JOIN ( SELECT id AS user_id, apns_code AS ac FROM yjsdata_user ) AS t1 WHERE t1.ac = s.apns_code AND s.source_name='有米苹果' AND create_time >= '2016-8-12' and create_time<='2016-08-14') AS t )) [ RunTime:0.8931s ]
SQL: SELECT count(DISTINCT user_id) FROM yjsdata_deal_load WHERE user_id IN ( SELECT user_id FROM (( SELECT * FROM yjsdata_spread AS s JOIN ( SELECT id AS user_id, apns_code AS ac FROM yjsdata_user ) AS t1 WHERE t1.ac = s.apns_code AND s.source_name='有米安卓' AND create_time >= '2016-8-12' and create_time<='2016-08-14') AS t )) [ RunTime:0.9651s ]
ERR: 1064:You have an error in your SQL syntax; check the manual that corresponds to your MySQL server version for the right syntax to use near ''有米苹果' AND create_time >= '2016-8-12' and create_time<='2016-08-14') AS ' at line 1
 [ SQL语句 ] : SELECT sum(money) FROM yjsdata_deal_load WHERE user_id IN ( SELECT user_id FROM (( SELECT * FROM yjsdata_spread AS s JOIN ( SELECT id AS user_id, apns_code AS ac FROM yjsdata_user ) AS t1 WHERE t1.ac = s.apns_code AND s.source_name '有米苹果' AND create_time >= '2016-8-12' and create_time<='2016-08-14') AS t ))
ERR: 1064:You have an error in your SQL syntax; check the manual that corresponds to your MySQL server version for the right syntax to use near ''有米苹果' AND create_time >= '2016-8-12' and create_time<='2016-08-14') AS ' at line 1
 [ SQL语句 ] : SELECT sum(money) FROM yjsdata_deal_load WHERE user_id IN ( SELECT user_id FROM (( SELECT * FROM yjsdata_spread AS s JOIN ( SELECT id AS user_id, apns_code AS ac FROM yjsdata_user ) AS t1 WHERE t1.ac = s.apns_code AND s.source_name '有米苹果' AND create_time >= '2016-8-12' and create_time<='2016-08-14') AS t ))

[ 2016-08-13T23:39:50+08:00 ] 127.0.0.1 /duomi/index.php/APIv1/DataAnalysis/createData?spreaderName=%E6%9C%89%E7%B1%B3&date=2016-8-12
INFO: [ app_init ] --START--
INFO: Run Behavior\BuildLiteBehavior [ RunTime:0.000000s ]
INFO: [ app_init ] --END-- [ RunTime:0.001000s ]
INFO: [ app_begin ] --START--
INFO: Run Behavior\ReadHtmlCacheBehavior [ RunTime:0.000000s ]
INFO: [ app_begin ] --END-- [ RunTime:0.000000s ]
SQL: SHOW COLUMNS FROM `yjsdata_spread` [ RunTime:0.0060s ]
SQL: SELECT count(*) FROM `yjsdata_spread` WHERE ( source_name='有米苹果' and create_time>='2016-8-12' and create_time<='2016-08-14' ) LIMIT 1   [ RunTime:0.1000s ]
SQL: SELECT count(*) FROM `yjsdata_spread` WHERE ( source_name='有米安卓' and create_time>='2016-8-12' and create_time<='2016-08-14' ) LIMIT 1   [ RunTime:0.1040s ]
SQL: SELECT count(*) FROM (( SELECT * FROM yjsdata_spread AS s JOIN ( SELECT id AS user_id, apns_code AS ac FROM yjsdata_user ) AS t1 WHERE t1.ac = s.apns_code AND s.source_name ='有米苹果' AND create_time >= '2016-8-12' and create_time<='2016-08-14') as t) [ RunTime:0.8961s ]
SQL: SELECT count(*) FROM (( SELECT * FROM yjsdata_spread AS s JOIN ( SELECT id AS user_id, apns_code AS ac FROM yjsdata_user ) AS t1 WHERE t1.ac = s.apns_code AND s.source_name ='有米安卓' AND create_time >= '2016-8-12' and create_time<='2016-08-14') as t) [ RunTime:1.0081s ]
SQL: SELECT count(DISTINCT user_id) FROM yjsdata_deal_load WHERE user_id IN ( SELECT user_id FROM (( SELECT * FROM yjsdata_spread AS s JOIN ( SELECT id AS user_id, apns_code AS ac FROM yjsdata_user ) AS t1 WHERE t1.ac = s.apns_code AND s.source_name='有米苹果' AND create_time >= '2016-8-12' and create_time<='2016-08-14') AS t )) [ RunTime:0.9011s ]
SQL: SELECT count(DISTINCT user_id) FROM yjsdata_deal_load WHERE user_id IN ( SELECT user_id FROM (( SELECT * FROM yjsdata_spread AS s JOIN ( SELECT id AS user_id, apns_code AS ac FROM yjsdata_user ) AS t1 WHERE t1.ac = s.apns_code AND s.source_name='有米安卓' AND create_time >= '2016-8-12' and create_time<='2016-08-14') AS t )) [ RunTime:0.9671s ]
SQL: SELECT sum(money) FROM yjsdata_deal_load WHERE user_id IN ( SELECT user_id FROM (( SELECT * FROM yjsdata_spread AS s JOIN ( SELECT id AS user_id, apns_code AS ac FROM yjsdata_user ) AS t1 WHERE t1.ac = s.apns_code AND s.source_name ='有米苹果' AND create_time >= '2016-8-12' and create_time<='2016-08-14') AS t )) [ RunTime:0.9001s ]
SQL: SELECT sum(money) FROM yjsdata_deal_load WHERE user_id IN ( SELECT user_id FROM (( SELECT * FROM yjsdata_spread AS s JOIN ( SELECT id AS user_id, apns_code AS ac FROM yjsdata_user ) AS t1 WHERE t1.ac = s.apns_code AND s.source_name ='有米安卓' AND create_time >= '2016-8-12' and create_time<='2016-08-14') AS t )) [ RunTime:0.9651s ]
INFO: [ app_end ] --START--
INFO: Run Behavior\ShowPageTraceBehavior [ RunTime:0.001000s ]
INFO: [ app_end ] --END-- [ RunTime:0.001000s ]

[ 2016-08-13T23:40:44+08:00 ] 127.0.0.1 /duomi/index.php/APIv1/DataAnalysis/createData?spreaderName=%E6%9C%89%E7%B1%B3&date=2016-8-12
INFO: [ app_init ] --START--
INFO: Run Behavior\BuildLiteBehavior [ RunTime:0.000000s ]
INFO: [ app_init ] --END-- [ RunTime:0.001000s ]
INFO: [ app_begin ] --START--
INFO: Run Behavior\ReadHtmlCacheBehavior [ RunTime:0.000000s ]
INFO: [ app_begin ] --END-- [ RunTime:0.000000s ]
SQL: SHOW COLUMNS FROM `yjsdata_spread` [ RunTime:0.0070s ]
SQL: SELECT count(*) FROM `yjsdata_spread` WHERE ( source_name='有米苹果' and create_time>='2016-8-12' and create_time<='2016-08-14' ) LIMIT 1   [ RunTime:0.1050s ]
SQL: SELECT count(*) FROM `yjsdata_spread` WHERE ( source_name='有米安卓' and create_time>='2016-8-12' and create_time<='2016-08-14' ) LIMIT 1   [ RunTime:0.1050s ]
SQL: SELECT count(*) FROM (( SELECT * FROM yjsdata_spread AS s JOIN ( SELECT id AS user_id, apns_code AS ac FROM yjsdata_user ) AS t1 WHERE t1.ac = s.apns_code AND s.source_name ='有米苹果' AND create_time >= '2016-8-12' and create_time<='2016-08-14') as t) [ RunTime:0.8931s ]
SQL: SELECT count(*) FROM (( SELECT * FROM yjsdata_spread AS s JOIN ( SELECT id AS user_id, apns_code AS ac FROM yjsdata_user ) AS t1 WHERE t1.ac = s.apns_code AND s.source_name ='有米安卓' AND create_time >= '2016-8-12' and create_time<='2016-08-14') as t) [ RunTime:0.9581s ]
SQL: SELECT count(DISTINCT user_id) FROM yjsdata_deal_load WHERE user_id IN ( SELECT user_id FROM (( SELECT * FROM yjsdata_spread AS s JOIN ( SELECT id AS user_id, apns_code AS ac FROM yjsdata_user ) AS t1 WHERE t1.ac = s.apns_code AND s.source_name='有米苹果' AND create_time >= '2016-8-12' and create_time<='2016-08-14') AS t )) [ RunTime:0.8971s ]
SQL: SELECT count(DISTINCT user_id) FROM yjsdata_deal_load WHERE user_id IN ( SELECT user_id FROM (( SELECT * FROM yjsdata_spread AS s JOIN ( SELECT id AS user_id, apns_code AS ac FROM yjsdata_user ) AS t1 WHERE t1.ac = s.apns_code AND s.source_name='有米安卓' AND create_time >= '2016-8-12' and create_time<='2016-08-14') AS t )) [ RunTime:0.9861s ]
SQL: SELECT sum(money) FROM yjsdata_deal_load WHERE user_id IN ( SELECT user_id FROM (( SELECT * FROM yjsdata_spread AS s JOIN ( SELECT id AS user_id, apns_code AS ac FROM yjsdata_user ) AS t1 WHERE t1.ac = s.apns_code AND s.source_name ='有米苹果' AND create_time >= '2016-8-12' and create_time<='2016-08-14') AS t )) [ RunTime:0.9071s ]
SQL: SELECT sum(money) FROM yjsdata_deal_load WHERE user_id IN ( SELECT user_id FROM (( SELECT * FROM yjsdata_spread AS s JOIN ( SELECT id AS user_id, apns_code AS ac FROM yjsdata_user ) AS t1 WHERE t1.ac = s.apns_code AND s.source_name ='有米安卓' AND create_time >= '2016-8-12' and create_time<='2016-08-14') AS t )) [ RunTime:0.9711s ]
INFO: [ app_end ] --START--
INFO: Run Behavior\ShowPageTraceBehavior [ RunTime:0.001000s ]
INFO: [ app_end ] --END-- [ RunTime:0.001000s ]

[ 2016-08-13T23:43:24+08:00 ] 127.0.0.1 /duomi/index.php/APIv1/DataAnalysis/createData?spreaderName=%E6%9C%89%E7%B1%B3&date=2016-8-12
INFO: [ app_init ] --START--
INFO: Run Behavior\BuildLiteBehavior [ RunTime:0.000000s ]
INFO: [ app_init ] --END-- [ RunTime:0.001000s ]
INFO: [ app_begin ] --START--
INFO: Run Behavior\ReadHtmlCacheBehavior [ RunTime:0.000000s ]
INFO: [ app_begin ] --END-- [ RunTime:0.000000s ]
SQL: SHOW COLUMNS FROM `yjsdata_spread` [ RunTime:0.0060s ]
SQL: SELECT count(*) FROM `yjsdata_spread` WHERE ( source_name='有米苹果' and create_time>='2016-8-12' and create_time<='2016-08-14' ) LIMIT 1   [ RunTime:0.1000s ]
SQL: SELECT count(*) FROM `yjsdata_spread` WHERE ( source_name='有米安卓' and create_time>='2016-8-12' and create_time<='2016-08-14' ) LIMIT 1   [ RunTime:0.1050s ]
SQL: SELECT count(*) FROM (( SELECT * FROM yjsdata_spread AS s JOIN ( SELECT id AS user_id, apns_code AS ac FROM yjsdata_user ) AS t1 WHERE t1.ac = s.apns_code AND s.source_name ='有米苹果' AND create_time >= '2016-8-12' and create_time<='2016-08-14') as t) [ RunTime:0.8911s ]
SQL: SELECT count(*) FROM (( SELECT * FROM yjsdata_spread AS s JOIN ( SELECT id AS user_id, apns_code AS ac FROM yjsdata_user ) AS t1 WHERE t1.ac = s.apns_code AND s.source_name ='有米安卓' AND create_time >= '2016-8-12' and create_time<='2016-08-14') as t) [ RunTime:0.9831s ]
SQL: SELECT count(DISTINCT user_id) FROM yjsdata_deal_load WHERE user_id IN ( SELECT user_id FROM (( SELECT * FROM yjsdata_spread AS s JOIN ( SELECT id AS user_id, apns_code AS ac FROM yjsdata_user ) AS t1 WHERE t1.ac = s.apns_code AND s.source_name='有米苹果' AND create_time >= '2016-8-12' and create_time<='2016-08-14') AS t )) [ RunTime:0.8991s ]
SQL: SELECT count(DISTINCT user_id) FROM yjsdata_deal_load WHERE user_id IN ( SELECT user_id FROM (( SELECT * FROM yjsdata_spread AS s JOIN ( SELECT id AS user_id, apns_code AS ac FROM yjsdata_user ) AS t1 WHERE t1.ac = s.apns_code AND s.source_name='有米安卓' AND create_time >= '2016-8-12' and create_time<='2016-08-14') AS t )) [ RunTime:0.9771s ]
SQL: SELECT sum(money) FROM yjsdata_deal_load WHERE user_id IN ( SELECT user_id FROM (( SELECT * FROM yjsdata_spread AS s JOIN ( SELECT id AS user_id, apns_code AS ac FROM yjsdata_user ) AS t1 WHERE t1.ac = s.apns_code AND s.source_name ='有米苹果' AND create_time >= '2016-8-12' and create_time<='2016-08-14') AS t )) [ RunTime:0.9221s ]
SQL: SELECT sum(money) FROM yjsdata_deal_load WHERE user_id IN ( SELECT user_id FROM (( SELECT * FROM yjsdata_spread AS s JOIN ( SELECT id AS user_id, apns_code AS ac FROM yjsdata_user ) AS t1 WHERE t1.ac = s.apns_code AND s.source_name ='有米安卓' AND create_time >= '2016-8-12' and create_time<='2016-08-14') AS t )) [ RunTime:0.9881s ]
NOTIC: [8] Undefined index: sum(money) D:\phpStudy\WWW\duomi\App\APIv1\Controller\DataAnalysisController.class.php 第 193 行.
NOTIC: [8] Undefined index: sum(money) D:\phpStudy\WWW\duomi\App\APIv1\Controller\DataAnalysisController.class.php 第 193 行.
NOTIC: [8] Undefined index: sum(money) D:\phpStudy\WWW\duomi\App\APIv1\Controller\DataAnalysisController.class.php 第 207 行.
NOTIC: [8] Undefined index: sum(money) D:\phpStudy\WWW\duomi\App\APIv1\Controller\DataAnalysisController.class.php 第 208 行.
INFO: [ app_end ] --START--
INFO: Run Behavior\ShowPageTraceBehavior [ RunTime:0.001000s ]
INFO: [ app_end ] --END-- [ RunTime:0.002000s ]

[ 2016-08-13T23:45:45+08:00 ] 127.0.0.1 /duomi/index.php/APIv1/DataAnalysis/createData?spreaderName=%E6%9C%89%E7%B1%B3&date=2016-8-12
INFO: [ app_init ] --START--
INFO: Run Behavior\BuildLiteBehavior [ RunTime:0.000000s ]
INFO: [ app_init ] --END-- [ RunTime:0.000000s ]
INFO: [ app_begin ] --START--
INFO: Run Behavior\ReadHtmlCacheBehavior [ RunTime:0.001000s ]
INFO: [ app_begin ] --END-- [ RunTime:0.001000s ]
SQL: SHOW COLUMNS FROM `yjsdata_spread` [ RunTime:0.0070s ]
SQL: SELECT count(*) FROM `yjsdata_spread` WHERE ( source_name='有米苹果' and create_time>='2016-8-12' and create_time<='2016-08-14' ) LIMIT 1   [ RunTime:0.1010s ]
SQL: SELECT count(*) FROM `yjsdata_spread` WHERE ( source_name='有米安卓' and create_time>='2016-8-12' and create_time<='2016-08-14' ) LIMIT 1   [ RunTime:0.1040s ]
SQL: SELECT count(*) FROM (( SELECT * FROM yjsdata_spread AS s JOIN ( SELECT id AS user_id, apns_code AS ac FROM yjsdata_user ) AS t1 WHERE t1.ac = s.apns_code AND s.source_name ='有米苹果' AND create_time >= '2016-8-12' and create_time<='2016-08-14') as t) [ RunTime:0.9081s ]
SQL: SELECT count(*) FROM (( SELECT * FROM yjsdata_spread AS s JOIN ( SELECT id AS user_id, apns_code AS ac FROM yjsdata_user ) AS t1 WHERE t1.ac = s.apns_code AND s.source_name ='有米安卓' AND create_time >= '2016-8-12' and create_time<='2016-08-14') as t) [ RunTime:0.9921s ]
SQL: SELECT count(DISTINCT user_id) FROM yjsdata_deal_load WHERE user_id IN ( SELECT user_id FROM (( SELECT * FROM yjsdata_spread AS s JOIN ( SELECT id AS user_id, apns_code AS ac FROM yjsdata_user ) AS t1 WHERE t1.ac = s.apns_code AND s.source_name='有米苹果' AND create_time >= '2016-8-12' and create_time<='2016-08-14') AS t )) [ RunTime:0.8941s ]
SQL: SELECT count(DISTINCT user_id) FROM yjsdata_deal_load WHERE user_id IN ( SELECT user_id FROM (( SELECT * FROM yjsdata_spread AS s JOIN ( SELECT id AS user_id, apns_code AS ac FROM yjsdata_user ) AS t1 WHERE t1.ac = s.apns_code AND s.source_name='有米安卓' AND create_time >= '2016-8-12' and create_time<='2016-08-14') AS t )) [ RunTime:0.9741s ]
SQL: SELECT sum(money) FROM yjsdata_deal_load WHERE user_id IN ( SELECT user_id FROM (( SELECT * FROM yjsdata_spread AS s JOIN ( SELECT id AS user_id, apns_code AS ac FROM yjsdata_user ) AS t1 WHERE t1.ac = s.apns_code AND s.source_name ='有米苹果' AND create_time >= '2016-8-12' and create_time<='2016-08-14') AS t )) [ RunTime:0.9021s ]
SQL: SELECT sum(money) FROM yjsdata_deal_load WHERE user_id IN ( SELECT user_id FROM (( SELECT * FROM yjsdata_spread AS s JOIN ( SELECT id AS user_id, apns_code AS ac FROM yjsdata_user ) AS t1 WHERE t1.ac = s.apns_code AND s.source_name ='有米安卓' AND create_time >= '2016-8-12' and create_time<='2016-08-14') AS t )) [ RunTime:1.0291s ]
NOTIC: [8] Undefined index: sum(money) D:\phpStudy\WWW\duomi\App\APIv1\Controller\DataAnalysisController.class.php 第 193 行.
NOTIC: [8] Undefined index: sum(money) D:\phpStudy\WWW\duomi\App\APIv1\Controller\DataAnalysisController.class.php 第 193 行.
NOTIC: [8] Undefined index: sum(money) D:\phpStudy\WWW\duomi\App\APIv1\Controller\DataAnalysisController.class.php 第 195 行.
INFO: [ app_end ] --START--
INFO: Run Behavior\ShowPageTraceBehavior [ RunTime:0.001000s ]
INFO: [ app_end ] --END-- [ RunTime:0.001000s ]

[ 2016-08-13T23:46:26+08:00 ] 127.0.0.1 /duomi/index.php/APIv1/DataAnalysis/createData?spreaderName=%E6%9C%89%E7%B1%B3&date=2016-8-12
INFO: [ app_init ] --START--
INFO: Run Behavior\BuildLiteBehavior [ RunTime:0.000000s ]
INFO: [ app_init ] --END-- [ RunTime:0.001000s ]
INFO: [ app_begin ] --START--
INFO: Run Behavior\ReadHtmlCacheBehavior [ RunTime:0.000000s ]
INFO: [ app_begin ] --END-- [ RunTime:0.000000s ]
SQL: SHOW COLUMNS FROM `yjsdata_spread` [ RunTime:0.0070s ]
SQL: SELECT count(*) FROM `yjsdata_spread` WHERE ( source_name='有米苹果' and create_time>='2016-8-12' and create_time<='2016-08-14' ) LIMIT 1   [ RunTime:0.1010s ]
SQL: SELECT count(*) FROM `yjsdata_spread` WHERE ( source_name='有米安卓' and create_time>='2016-8-12' and create_time<='2016-08-14' ) LIMIT 1   [ RunTime:0.1050s ]
SQL: SELECT count(*) FROM (( SELECT * FROM yjsdata_spread AS s JOIN ( SELECT id AS user_id, apns_code AS ac FROM yjsdata_user ) AS t1 WHERE t1.ac = s.apns_code AND s.source_name ='有米苹果' AND create_time >= '2016-8-12' and create_time<='2016-08-14') as t) [ RunTime:0.9001s ]
SQL: SELECT count(*) FROM (( SELECT * FROM yjsdata_spread AS s JOIN ( SELECT id AS user_id, apns_code AS ac FROM yjsdata_user ) AS t1 WHERE t1.ac = s.apns_code AND s.source_name ='有米安卓' AND create_time >= '2016-8-12' and create_time<='2016-08-14') as t) [ RunTime:0.9671s ]
SQL: SELECT count(DISTINCT user_id) FROM yjsdata_deal_load WHERE user_id IN ( SELECT user_id FROM (( SELECT * FROM yjsdata_spread AS s JOIN ( SELECT id AS user_id, apns_code AS ac FROM yjsdata_user ) AS t1 WHERE t1.ac = s.apns_code AND s.source_name='有米苹果' AND create_time >= '2016-8-12' and create_time<='2016-08-14') AS t )) [ RunTime:0.8951s ]
SQL: SELECT count(DISTINCT user_id) FROM yjsdata_deal_load WHERE user_id IN ( SELECT user_id FROM (( SELECT * FROM yjsdata_spread AS s JOIN ( SELECT id AS user_id, apns_code AS ac FROM yjsdata_user ) AS t1 WHERE t1.ac = s.apns_code AND s.source_name='有米安卓' AND create_time >= '2016-8-12' and create_time<='2016-08-14') AS t )) [ RunTime:0.9661s ]
SQL: SELECT sum(money) FROM yjsdata_deal_load WHERE user_id IN ( SELECT user_id FROM (( SELECT * FROM yjsdata_spread AS s JOIN ( SELECT id AS user_id, apns_code AS ac FROM yjsdata_user ) AS t1 WHERE t1.ac = s.apns_code AND s.source_name ='有米苹果' AND create_time >= '2016-8-12' and create_time<='2016-08-14') AS t )) [ RunTime:0.9011s ]
SQL: SELECT sum(money) FROM yjsdata_deal_load WHERE user_id IN ( SELECT user_id FROM (( SELECT * FROM yjsdata_spread AS s JOIN ( SELECT id AS user_id, apns_code AS ac FROM yjsdata_user ) AS t1 WHERE t1.ac = s.apns_code AND s.source_name ='有米安卓' AND create_time >= '2016-8-12' and create_time<='2016-08-14') AS t )) [ RunTime:0.9721s ]
NOTIC: [8] Undefined index: sum(money) D:\phpStudy\WWW\duomi\App\APIv1\Controller\DataAnalysisController.class.php 第 193 行.
NOTIC: [8] Undefined index: sum(money) D:\phpStudy\WWW\duomi\App\APIv1\Controller\DataAnalysisController.class.php 第 193 行.
INFO: [ app_end ] --START--
INFO: Run Behavior\ShowPageTraceBehavior [ RunTime:0.001000s ]
INFO: [ app_end ] --END-- [ RunTime:0.001000s ]

[ 2016-08-13T23:49:59+08:00 ] 127.0.0.1 /duomi/index.php/APIv1/DataAnalysis/createData?spreaderName=%E6%9C%89%E7%B1%B3&date=2016-8-12
INFO: [ app_init ] --START--
INFO: Run Behavior\BuildLiteBehavior [ RunTime:0.000000s ]
INFO: [ app_init ] --END-- [ RunTime:0.000000s ]
INFO: [ app_begin ] --START--
INFO: Run Behavior\ReadHtmlCacheBehavior [ RunTime:0.000000s ]
INFO: [ app_begin ] --END-- [ RunTime:0.000000s ]
SQL: SHOW COLUMNS FROM `yjsdata_spread` [ RunTime:0.0060s ]
SQL: SELECT count(*) FROM `yjsdata_spread` WHERE ( source_name='有米苹果' and create_time>='2016-8-12' and create_time<='2016-08-14' ) LIMIT 1   [ RunTime:0.1010s ]
SQL: SELECT count(*) FROM `yjsdata_spread` WHERE ( source_name='有米安卓' and create_time>='2016-8-12' and create_time<='2016-08-14' ) LIMIT 1   [ RunTime:0.1050s ]
SQL: SELECT count(*) FROM (( SELECT * FROM yjsdata_spread AS s JOIN ( SELECT id AS user_id, apns_code AS ac FROM yjsdata_user ) AS t1 WHERE t1.ac = s.apns_code AND s.source_name ='有米苹果' AND create_time >= '2016-8-12' and create_time<='2016-08-14') as t) [ RunTime:0.8961s ]
SQL: SELECT count(*) FROM (( SELECT * FROM yjsdata_spread AS s JOIN ( SELECT id AS user_id, apns_code AS ac FROM yjsdata_user ) AS t1 WHERE t1.ac = s.apns_code AND s.source_name ='有米安卓' AND create_time >= '2016-8-12' and create_time<='2016-08-14') as t) [ RunTime:0.9611s ]
SQL: SELECT count(DISTINCT user_id) FROM yjsdata_deal_load WHERE user_id IN ( SELECT user_id FROM (( SELECT * FROM yjsdata_spread AS s JOIN ( SELECT id AS user_id, apns_code AS ac FROM yjsdata_user ) AS t1 WHERE t1.ac = s.apns_code AND s.source_name='有米苹果' AND create_time >= '2016-8-12' and create_time<='2016-08-14') AS t )) [ RunTime:0.9341s ]
SQL: SELECT count(DISTINCT user_id) FROM yjsdata_deal_load WHERE user_id IN ( SELECT user_id FROM (( SELECT * FROM yjsdata_spread AS s JOIN ( SELECT id AS user_id, apns_code AS ac FROM yjsdata_user ) AS t1 WHERE t1.ac = s.apns_code AND s.source_name='有米安卓' AND create_time >= '2016-8-12' and create_time<='2016-08-14') AS t )) [ RunTime:0.9671s ]
NOTIC: [8] Undefined index: count(DISTINCT user_id) D:\phpStudy\WWW\duomi\App\APIv1\Controller\DataAnalysisController.class.php 第 187 行.
NOTIC: [8] Undefined index: count(DISTINCT user_id) D:\phpStudy\WWW\duomi\App\APIv1\Controller\DataAnalysisController.class.php 第 187 行.
SQL: SELECT sum(money) FROM yjsdata_deal_load WHERE user_id IN ( SELECT user_id FROM (( SELECT * FROM yjsdata_spread AS s JOIN ( SELECT id AS user_id, apns_code AS ac FROM yjsdata_user ) AS t1 WHERE t1.ac = s.apns_code AND s.source_name ='有米苹果' AND create_time >= '2016-8-12' and create_time<='2016-08-14') AS t )) [ RunTime:0.9931s ]
SQL: SELECT sum(money) FROM yjsdata_deal_load WHERE user_id IN ( SELECT user_id FROM (( SELECT * FROM yjsdata_spread AS s JOIN ( SELECT id AS user_id, apns_code AS ac FROM yjsdata_user ) AS t1 WHERE t1.ac = s.apns_code AND s.source_name ='有米安卓' AND create_time >= '2016-8-12' and create_time<='2016-08-14') AS t )) [ RunTime:0.9751s ]
NOTIC: [8] Undefined index: count(DISTINCT user_id) D:\phpStudy\WWW\duomi\App\APIv1\Controller\DataAnalysisController.class.php 第 206 行.
NOTIC: [8] Undefined index: count(DISTINCT user_id) D:\phpStudy\WWW\duomi\App\APIv1\Controller\DataAnalysisController.class.php 第 207 行.
INFO: [ app_end ] --START--
INFO: Run Behavior\ShowPageTraceBehavior [ RunTime:0.001000s ]
INFO: [ app_end ] --END-- [ RunTime:0.001000s ]

[ 2016-08-13T23:52:13+08:00 ] 127.0.0.1 /duomi/index.php/APIv1/DataAnalysis/createData?spreaderName=%E6%9C%89%E7%B1%B3&date=2016-8-12
INFO: [ app_init ] --START--
INFO: Run Behavior\BuildLiteBehavior [ RunTime:0.000000s ]
INFO: [ app_init ] --END-- [ RunTime:0.000000s ]
INFO: [ app_begin ] --START--
INFO: Run Behavior\ReadHtmlCacheBehavior [ RunTime:0.000000s ]
INFO: [ app_begin ] --END-- [ RunTime:0.000000s ]
SQL: SHOW COLUMNS FROM `yjsdata_spread` [ RunTime:0.0060s ]
SQL: SELECT count(*) FROM `yjsdata_spread` WHERE ( source_name='有米苹果' and create_time>='2016-8-12' and create_time<='2016-08-14' ) LIMIT 1   [ RunTime:0.1020s ]
SQL: SELECT count(*) FROM `yjsdata_spread` WHERE ( source_name='有米安卓' and create_time>='2016-8-12' and create_time<='2016-08-14' ) LIMIT 1   [ RunTime:0.1050s ]
SQL: SELECT count(*) FROM (( SELECT * FROM yjsdata_spread AS s JOIN ( SELECT id AS user_id, apns_code AS ac FROM yjsdata_user ) AS t1 WHERE t1.ac = s.apns_code AND s.source_name ='有米苹果' AND create_time >= '2016-8-12' and create_time<='2016-08-14') as t) [ RunTime:0.8931s ]
SQL: SELECT count(*) FROM (( SELECT * FROM yjsdata_spread AS s JOIN ( SELECT id AS user_id, apns_code AS ac FROM yjsdata_user ) AS t1 WHERE t1.ac = s.apns_code AND s.source_name ='有米安卓' AND create_time >= '2016-8-12' and create_time<='2016-08-14') as t) [ RunTime:0.9681s ]
SQL: SELECT count(DISTINCT user_id) FROM yjsdata_deal_load WHERE user_id IN ( SELECT user_id FROM (( SELECT * FROM yjsdata_spread AS s JOIN ( SELECT id AS user_id, apns_code AS ac FROM yjsdata_user ) AS t1 WHERE t1.ac = s.apns_code AND s.source_name='有米苹果' AND create_time >= '2016-8-12' and create_time<='2016-08-14') AS t )) [ RunTime:0.9061s ]
SQL: SELECT count(DISTINCT user_id) FROM yjsdata_deal_load WHERE user_id IN ( SELECT user_id FROM (( SELECT * FROM yjsdata_spread AS s JOIN ( SELECT id AS user_id, apns_code AS ac FROM yjsdata_user ) AS t1 WHERE t1.ac = s.apns_code AND s.source_name='有米安卓' AND create_time >= '2016-8-12' and create_time<='2016-08-14') AS t )) [ RunTime:0.9711s ]
NOTIC: [8] Undefined index: count(DISTINCT user_id) D:\phpStudy\WWW\duomi\App\APIv1\Controller\DataAnalysisController.class.php 第 187 行.
NOTIC: [8] Undefined index: count(DISTINCT user_id) D:\phpStudy\WWW\duomi\App\APIv1\Controller\DataAnalysisController.class.php 第 187 行.
SQL: SELECT sum(money) FROM yjsdata_deal_load WHERE user_id IN ( SELECT user_id FROM (( SELECT * FROM yjsdata_spread AS s JOIN ( SELECT id AS user_id, apns_code AS ac FROM yjsdata_user ) AS t1 WHERE t1.ac = s.apns_code AND s.source_name ='有米苹果' AND create_time >= '2016-8-12' and create_time<='2016-08-14') AS t )) [ RunTime:0.9621s ]
SQL: SELECT sum(money) FROM yjsdata_deal_load WHERE user_id IN ( SELECT user_id FROM (( SELECT * FROM yjsdata_spread AS s JOIN ( SELECT id AS user_id, apns_code AS ac FROM yjsdata_user ) AS t1 WHERE t1.ac = s.apns_code AND s.source_name ='有米安卓' AND create_time >= '2016-8-12' and create_time<='2016-08-14') AS t )) [ RunTime:0.9931s ]
INFO: [ app_end ] --START--
INFO: Run Behavior\ShowPageTraceBehavior [ RunTime:0.000000s ]
INFO: [ app_end ] --END-- [ RunTime:0.000000s ]

[ 2016-08-13T23:55:15+08:00 ] 127.0.0.1 /duomi/index.php/APIv1/DataAnalysis/createData?spreaderName=%E6%9C%89%E7%B1%B3&date=2016-8-12
INFO: [ app_init ] --START--
INFO: Run Behavior\BuildLiteBehavior [ RunTime:0.000000s ]
INFO: [ app_init ] --END-- [ RunTime:0.000000s ]
INFO: [ app_begin ] --START--
INFO: Run Behavior\ReadHtmlCacheBehavior [ RunTime:0.000000s ]
INFO: [ app_begin ] --END-- [ RunTime:0.000000s ]
SQL: SHOW COLUMNS FROM `yjsdata_spread` [ RunTime:0.0070s ]
SQL: SELECT count(*) FROM `yjsdata_spread` WHERE ( source_name='有米苹果' and create_time>='2016-8-12' and create_time<='2016-08-14' ) LIMIT 1   [ RunTime:0.1010s ]
SQL: SELECT count(*) FROM `yjsdata_spread` WHERE ( source_name='有米安卓' and create_time>='2016-8-12' and create_time<='2016-08-14' ) LIMIT 1   [ RunTime:0.1050s ]
SQL: SELECT count(*) FROM (( SELECT * FROM yjsdata_spread AS s JOIN ( SELECT id AS user_id, apns_code AS ac FROM yjsdata_user ) AS t1 WHERE t1.ac = s.apns_code AND s.source_name ='有米苹果' AND create_time >= '2016-8-12' and create_time<='2016-08-14') as t) [ RunTime:0.8961s ]
SQL: SELECT count(*) FROM (( SELECT * FROM yjsdata_spread AS s JOIN ( SELECT id AS user_id, apns_code AS ac FROM yjsdata_user ) AS t1 WHERE t1.ac = s.apns_code AND s.source_name ='有米安卓' AND create_time >= '2016-8-12' and create_time<='2016-08-14') as t) [ RunTime:0.9621s ]
SQL: SELECT count(DISTINCT user_id) FROM yjsdata_deal_load WHERE user_id IN ( SELECT user_id FROM (( SELECT * FROM yjsdata_spread AS s JOIN ( SELECT id AS user_id, apns_code AS ac FROM yjsdata_user ) AS t1 WHERE t1.ac = s.apns_code AND s.source_name='有米苹果' AND create_time >= '2016-8-12' and create_time<='2016-08-14') AS t )) [ RunTime:0.8961s ]
SQL: SELECT count(DISTINCT user_id) FROM yjsdata_deal_load WHERE user_id IN ( SELECT user_id FROM (( SELECT * FROM yjsdata_spread AS s JOIN ( SELECT id AS user_id, apns_code AS ac FROM yjsdata_user ) AS t1 WHERE t1.ac = s.apns_code AND s.source_name='有米安卓' AND create_time >= '2016-8-12' and create_time<='2016-08-14') AS t )) [ RunTime:0.9691s ]
NOTIC: [8] Undefined index: count(DISTINCT user_id) D:\phpStudy\WWW\duomi\App\APIv1\Controller\DataAnalysisController.class.php 第 187 行.
NOTIC: [8] Undefined index: count(DISTINCT user_id) D:\phpStudy\WWW\duomi\App\APIv1\Controller\DataAnalysisController.class.php 第 187 行.
SQL: SELECT sum(money) FROM yjsdata_deal_load WHERE user_id IN ( SELECT user_id FROM (( SELECT * FROM yjsdata_spread AS s JOIN ( SELECT id AS user_id, apns_code AS ac FROM yjsdata_user ) AS t1 WHERE t1.ac = s.apns_code AND s.source_name ='有米苹果' AND create_time >= '2016-8-12' and create_time<='2016-08-14') AS t )) [ RunTime:0.8961s ]
SQL: SELECT sum(money) FROM yjsdata_deal_load WHERE user_id IN ( SELECT user_id FROM (( SELECT * FROM yjsdata_spread AS s JOIN ( SELECT id AS user_id, apns_code AS ac FROM yjsdata_user ) AS t1 WHERE t1.ac = s.apns_code AND s.source_name ='有米安卓' AND create_time >= '2016-8-12' and create_time<='2016-08-14') AS t )) [ RunTime:0.9721s ]
INFO: [ app_end ] --START--
INFO: Run Behavior\ShowPageTraceBehavior [ RunTime:0.000000s ]
INFO: [ app_end ] --END-- [ RunTime:0.000000s ]

[ 2016-08-13T23:57:01+08:00 ] 127.0.0.1 /duomi/index.php/APIv1/DataAnalysis/createData?spreaderName=%E6%9C%89%E7%B1%B3&date=2016-8-12
INFO: [ app_init ] --START--
INFO: Run Behavior\BuildLiteBehavior [ RunTime:0.000000s ]
INFO: [ app_init ] --END-- [ RunTime:0.001000s ]
INFO: [ app_begin ] --START--
INFO: Run Behavior\ReadHtmlCacheBehavior [ RunTime:0.001000s ]
INFO: [ app_begin ] --END-- [ RunTime:0.001000s ]
SQL: SHOW COLUMNS FROM `yjsdata_spread` [ RunTime:0.0060s ]
SQL: SELECT count(*) FROM `yjsdata_spread` WHERE ( source_name='有米苹果' and create_time>='2016-8-12' and create_time<='2016-08-14' ) LIMIT 1   [ RunTime:0.1000s ]
SQL: SELECT count(*) FROM `yjsdata_spread` WHERE ( source_name='有米安卓' and create_time>='2016-8-12' and create_time<='2016-08-14' ) LIMIT 1   [ RunTime:0.1060s ]
SQL: SELECT count(*) FROM (( SELECT * FROM yjsdata_spread AS s JOIN ( SELECT id AS user_id, apns_code AS ac FROM yjsdata_user ) AS t1 WHERE t1.ac = s.apns_code AND s.source_name ='有米苹果' AND create_time >= '2016-8-12' and create_time<='2016-08-14') as t) [ RunTime:0.8981s ]
SQL: SELECT count(*) FROM (( SELECT * FROM yjsdata_spread AS s JOIN ( SELECT id AS user_id, apns_code AS ac FROM yjsdata_user ) AS t1 WHERE t1.ac = s.apns_code AND s.source_name ='有米安卓' AND create_time >= '2016-8-12' and create_time<='2016-08-14') as t) [ RunTime:0.9881s ]
SQL: SELECT count(DISTINCT user_id) FROM yjsdata_deal_load WHERE user_id IN ( SELECT user_id FROM (( SELECT * FROM yjsdata_spread AS s JOIN ( SELECT id AS user_id, apns_code AS ac FROM yjsdata_user ) AS t1 WHERE t1.ac = s.apns_code AND s.source_name='有米苹果' AND create_time >= '2016-8-12' and create_time<='2016-08-14') AS t )) [ RunTime:0.9051s ]
SQL: SELECT count(DISTINCT user_id) FROM yjsdata_deal_load WHERE user_id IN ( SELECT user_id FROM (( SELECT * FROM yjsdata_spread AS s JOIN ( SELECT id AS user_id, apns_code AS ac FROM yjsdata_user ) AS t1 WHERE t1.ac = s.apns_code AND s.source_name='有米安卓' AND create_time >= '2016-8-12' and create_time<='2016-08-14') AS t )) [ RunTime:0.9661s ]
NOTIC: [8] Undefined index: count(DISTINCT user_id) D:\phpStudy\WWW\duomi\App\APIv1\Controller\DataAnalysisController.class.php 第 187 行.
NOTIC: [8] Undefined index: count(DISTINCT user_id) D:\phpStudy\WWW\duomi\App\APIv1\Controller\DataAnalysisController.class.php 第 187 行.
SQL: SELECT sum(money) FROM yjsdata_deal_load WHERE user_id IN ( SELECT user_id FROM (( SELECT * FROM yjsdata_spread AS s JOIN ( SELECT id AS user_id, apns_code AS ac FROM yjsdata_user ) AS t1 WHERE t1.ac = s.apns_code AND s.source_name ='有米苹果' AND create_time >= '2016-8-12' and create_time<='2016-08-14') AS t )) [ RunTime:0.8991s ]
SQL: SELECT sum(money) FROM yjsdata_deal_load WHERE user_id IN ( SELECT user_id FROM (( SELECT * FROM yjsdata_spread AS s JOIN ( SELECT id AS user_id, apns_code AS ac FROM yjsdata_user ) AS t1 WHERE t1.ac = s.apns_code AND s.source_name ='有米安卓' AND create_time >= '2016-8-12' and create_time<='2016-08-14') AS t )) [ RunTime:1.1251s ]
INFO: [ app_end ] --START--
INFO: Run Behavior\ShowPageTraceBehavior [ RunTime:0.002000s ]
INFO: [ app_end ] --END-- [ RunTime:0.002000s ]

[ 2016-08-13T23:57:48+08:00 ] 127.0.0.1 /duomi/index.php/APIv1/DataAnalysis/createData?spreaderName=%E6%9C%89%E7%B1%B3&date=2016-8-12
INFO: [ app_init ] --START--
INFO: Run Behavior\BuildLiteBehavior [ RunTime:0.000000s ]
INFO: [ app_init ] --END-- [ RunTime:0.001000s ]
INFO: [ app_begin ] --START--
INFO: Run Behavior\ReadHtmlCacheBehavior [ RunTime:0.001000s ]
INFO: [ app_begin ] --END-- [ RunTime:0.001000s ]
SQL: SHOW COLUMNS FROM `yjsdata_spread` [ RunTime:0.0070s ]
SQL: SELECT count(*) FROM `yjsdata_spread` WHERE ( source_name='有米苹果' and create_time>='2016-8-12' and create_time<='2016-08-14' ) LIMIT 1   [ RunTime:0.1000s ]
SQL: SELECT count(*) FROM `yjsdata_spread` WHERE ( source_name='有米安卓' and create_time>='2016-8-12' and create_time<='2016-08-14' ) LIMIT 1   [ RunTime:0.1040s ]
SQL: SELECT count(*) FROM (( SELECT * FROM yjsdata_spread AS s JOIN ( SELECT id AS user_id, apns_code AS ac FROM yjsdata_user ) AS t1 WHERE t1.ac = s.apns_code AND s.source_name ='有米苹果' AND create_time >= '2016-8-12' and create_time<='2016-08-14') as t) [ RunTime:0.9341s ]
SQL: SELECT count(*) FROM (( SELECT * FROM yjsdata_spread AS s JOIN ( SELECT id AS user_id, apns_code AS ac FROM yjsdata_user ) AS t1 WHERE t1.ac = s.apns_code AND s.source_name ='有米安卓' AND create_time >= '2016-8-12' and create_time<='2016-08-14') as t) [ RunTime:0.9891s ]
SQL: SELECT count(DISTINCT user_id) FROM yjsdata_deal_load WHERE user_id IN ( SELECT user_id FROM (( SELECT * FROM yjsdata_spread AS s JOIN ( SELECT id AS user_id, apns_code AS ac FROM yjsdata_user ) AS t1 WHERE t1.ac = s.apns_code AND s.source_name='有米苹果' AND create_time >= '2016-8-12' and create_time<='2016-08-14') AS t )) [ RunTime:0.9621s ]
SQL: SELECT count(DISTINCT user_id) FROM yjsdata_deal_load WHERE user_id IN ( SELECT user_id FROM (( SELECT * FROM yjsdata_spread AS s JOIN ( SELECT id AS user_id, apns_code AS ac FROM yjsdata_user ) AS t1 WHERE t1.ac = s.apns_code AND s.source_name='有米安卓' AND create_time >= '2016-8-12' and create_time<='2016-08-14') AS t )) [ RunTime:0.9751s ]
SQL: SELECT sum(money) FROM yjsdata_deal_load WHERE user_id IN ( SELECT user_id FROM (( SELECT * FROM yjsdata_spread AS s JOIN ( SELECT id AS user_id, apns_code AS ac FROM yjsdata_user ) AS t1 WHERE t1.ac = s.apns_code AND s.source_name ='有米苹果' AND create_time >= '2016-8-12' and create_time<='2016-08-14') AS t )) [ RunTime:0.8991s ]
SQL: SELECT sum(money) FROM yjsdata_deal_load WHERE user_id IN ( SELECT user_id FROM (( SELECT * FROM yjsdata_spread AS s JOIN ( SELECT id AS user_id, apns_code AS ac FROM yjsdata_user ) AS t1 WHERE t1.ac = s.apns_code AND s.source_name ='有米安卓' AND create_time >= '2016-8-12' and create_time<='2016-08-14') AS t )) [ RunTime:0.9921s ]
INFO: [ app_end ] --START--
INFO: Run Behavior\ShowPageTraceBehavior [ RunTime:0.001000s ]
INFO: [ app_end ] --END-- [ RunTime:0.001000s ]

