[ 2016-08-15T09:24:36+08:00 ] 127.0.0.1 /duomi/index.php/Admin/Index/SourceData.html
INFO: [ app_init ] --START--
INFO: Run Behavior\BuildLiteBehavior [ RunTime:0.000000s ]
INFO: [ app_init ] --END-- [ RunTime:0.001000s ]
INFO: [ app_begin ] --START--
INFO: Run Behavior\ReadHtmlCacheBehavior [ RunTime:0.001000s ]
INFO: [ app_begin ] --END-- [ RunTime:0.001000s ]
INFO: [ app_end ] --START--
INFO: Run Behavior\ShowPageTraceBehavior [ RunTime:0.001000s ]
INFO: [ app_end ] --END-- [ RunTime:0.001000s ]

[ 2016-08-15T09:24:36+08:00 ] 127.0.0.1 /duomi/index.php/Admin/Index/SourceData.html
INFO: [ app_init ] --START--
INFO: Run Behavior\BuildLiteBehavior [ RunTime:0.000000s ]
INFO: [ app_init ] --END-- [ RunTime:0.000000s ]
INFO: [ app_begin ] --START--
INFO: Run Behavior\ReadHtmlCacheBehavior [ RunTime:0.001000s ]
INFO: [ app_begin ] --END-- [ RunTime:0.001000s ]
INFO: [ app_end ] --START--
INFO: Run Behavior\ShowPageTraceBehavior [ RunTime:0.000000s ]
INFO: [ app_end ] --END-- [ RunTime:0.000000s ]

[ 2016-08-15T09:43:12+08:00 ] 127.0.0.1 /duomi/index.php/Admin/Index/InvestData.html
INFO: [ app_init ] --START--
INFO: Run Behavior\BuildLiteBehavior [ RunTime:0.000000s ]
INFO: [ app_init ] --END-- [ RunTime:0.000000s ]
INFO: [ app_begin ] --START--
INFO: Run Behavior\ReadHtmlCacheBehavior [ RunTime:0.000000s ]
INFO: [ app_begin ] --END-- [ RunTime:0.000000s ]
SQL: SHOW COLUMNS FROM `yjsdata_spread_data` [ RunTime:0.0060s ]
SQL: SELECT * FROM `yjsdata_spread_data` WHERE ( source_name='有米' )  [ RunTime:0.0070s ]
SQL: SELECT * FROM `yjsdata_spread_data` WHERE ( source_name='点乐' )  [ RunTime:0.0060s ]
SQL: SELECT * FROM `yjsdata_spread_data` WHERE ( source_name='万普' )  [ RunTime:0.0060s ]
SQL: select * from ((select * from yjsdata_spread_data where source_name='有米' order by id desc limit 7) as t) order by id [ RunTime:0.0050s ]
SQL: select * from ((select * from yjsdata_spread_data where source_name='万普' order by id desc limit 7) as t) order by id [ RunTime:0.0060s ]
SQL: select * from ((select * from yjsdata_spread_data where source_name='点乐' order by id desc limit 7) as t) order by id [ RunTime:0.0060s ]
INFO: [ view_parse ] --START--
INFO: [ template_filter ] --START--
INFO: Run Behavior\ContentReplaceBehavior [ RunTime:0.000000s ]
INFO: [ template_filter ] --END-- [ RunTime:0.000000s ]
NOTIC: [8] Undefined variable: noResult D:\phpStudy\WWW\duomi\App\Runtime\Cache\Admin\8dbb6b2c25a3d5e6af6a72525cd84156.php 第 33 行.
INFO: Run Behavior\ParseTemplateBehavior [ RunTime:0.004000s ]
INFO: [ view_parse ] --END-- [ RunTime:0.004000s ]
INFO: [ view_filter ] --START--
INFO: Run Behavior\WriteHtmlCacheBehavior [ RunTime:0.000000s ]
INFO: [ view_filter ] --END-- [ RunTime:0.000000s ]
INFO: [ app_end ] --START--
INFO: Run Behavior\ShowPageTraceBehavior [ RunTime:0.000000s ]
INFO: [ app_end ] --END-- [ RunTime:0.000000s ]

[ 2016-08-15T09:43:12+08:00 ] 127.0.0.1 /duomi/index.php/Admin/Index/InvestData.html
INFO: [ app_init ] --START--
INFO: Run Behavior\BuildLiteBehavior [ RunTime:0.000000s ]
INFO: [ app_init ] --END-- [ RunTime:0.000000s ]
INFO: [ app_begin ] --START--
INFO: Run Behavior\ReadHtmlCacheBehavior [ RunTime:0.000000s ]
INFO: [ app_begin ] --END-- [ RunTime:0.000000s ]
SQL: SHOW COLUMNS FROM `yjsdata_spread_data` [ RunTime:0.0070s ]
SQL: SELECT * FROM `yjsdata_spread_data` WHERE ( source_name='有米' )  [ RunTime:0.0070s ]
SQL: SELECT * FROM `yjsdata_spread_data` WHERE ( source_name='点乐' )  [ RunTime:0.0070s ]
SQL: SELECT * FROM `yjsdata_spread_data` WHERE ( source_name='万普' )  [ RunTime:0.0070s ]
SQL: select * from ((select * from yjsdata_spread_data where source_name='有米' order by id desc limit 7) as t) order by id [ RunTime:0.0080s ]
SQL: select * from ((select * from yjsdata_spread_data where source_name='万普' order by id desc limit 7) as t) order by id [ RunTime:0.0070s ]
SQL: select * from ((select * from yjsdata_spread_data where source_name='点乐' order by id desc limit 7) as t) order by id [ RunTime:0.0060s ]
INFO: [ view_parse ] --START--
INFO: [ template_filter ] --START--
INFO: Run Behavior\ContentReplaceBehavior [ RunTime:0.000000s ]
INFO: [ template_filter ] --END-- [ RunTime:0.000000s ]
NOTIC: [8] Undefined variable: noResult D:\phpStudy\WWW\duomi\App\Runtime\Cache\Admin\8dbb6b2c25a3d5e6af6a72525cd84156.php 第 33 行.
INFO: Run Behavior\ParseTemplateBehavior [ RunTime:0.004001s ]
INFO: [ view_parse ] --END-- [ RunTime:0.004001s ]
INFO: [ view_filter ] --START--
INFO: Run Behavior\WriteHtmlCacheBehavior [ RunTime:0.000000s ]
INFO: [ view_filter ] --END-- [ RunTime:0.000000s ]
INFO: [ app_end ] --START--
INFO: Run Behavior\ShowPageTraceBehavior [ RunTime:0.001000s ]
INFO: [ app_end ] --END-- [ RunTime:0.001000s ]

[ 2016-08-15T09:43:16+08:00 ] 127.0.0.1 /duomi/index.php/Admin/Index/ProgressData.html
INFO: [ app_init ] --START--
INFO: Run Behavior\BuildLiteBehavior [ RunTime:0.000000s ]
INFO: [ app_init ] --END-- [ RunTime:0.000000s ]
INFO: [ app_begin ] --START--
INFO: Run Behavior\ReadHtmlCacheBehavior [ RunTime:0.001000s ]
INFO: [ app_begin ] --END-- [ RunTime:0.001000s ]
SQL: SHOW COLUMNS FROM `yjsdata_spread_data` [ RunTime:0.0060s ]
SQL: SELECT * FROM `yjsdata_spread_data` WHERE ( source_name='有米' )  [ RunTime:0.0060s ]
SQL: SELECT * FROM `yjsdata_spread_data` WHERE ( source_name='万普' )  [ RunTime:0.0070s ]
SQL: SELECT * FROM `yjsdata_spread_data` WHERE ( source_name='点乐' )  [ RunTime:0.0070s ]
INFO: [ view_parse ] --START--
INFO: [ template_filter ] --START--
INFO: Run Behavior\ContentReplaceBehavior [ RunTime:0.000000s ]
INFO: [ template_filter ] --END-- [ RunTime:0.000000s ]
NOTIC: [8] Undefined variable: noResult D:\phpStudy\WWW\duomi\App\Runtime\Cache\Admin\c77e08da7ce28c56861405935c64e609.php 第 33 行.
INFO: Run Behavior\ParseTemplateBehavior [ RunTime:0.003000s ]
INFO: [ view_parse ] --END-- [ RunTime:0.004000s ]
INFO: [ view_filter ] --START--
INFO: Run Behavior\WriteHtmlCacheBehavior [ RunTime:0.000000s ]
INFO: [ view_filter ] --END-- [ RunTime:0.000000s ]
INFO: [ app_end ] --START--
INFO: Run Behavior\ShowPageTraceBehavior [ RunTime:0.000000s ]
INFO: [ app_end ] --END-- [ RunTime:0.000000s ]

[ 2016-08-15T09:43:16+08:00 ] 127.0.0.1 /duomi/index.php/Admin/Index/ProgressData.html
INFO: [ app_init ] --START--
INFO: Run Behavior\BuildLiteBehavior [ RunTime:0.000000s ]
INFO: [ app_init ] --END-- [ RunTime:0.000000s ]
INFO: [ app_begin ] --START--
INFO: Run Behavior\ReadHtmlCacheBehavior [ RunTime:0.000000s ]
INFO: [ app_begin ] --END-- [ RunTime:0.000000s ]
SQL: SHOW COLUMNS FROM `yjsdata_spread_data` [ RunTime:0.0070s ]
SQL: SELECT * FROM `yjsdata_spread_data` WHERE ( source_name='有米' )  [ RunTime:0.0070s ]
SQL: SELECT * FROM `yjsdata_spread_data` WHERE ( source_name='万普' )  [ RunTime:0.0070s ]
SQL: SELECT * FROM `yjsdata_spread_data` WHERE ( source_name='点乐' )  [ RunTime:0.0070s ]
INFO: [ view_parse ] --START--
INFO: [ template_filter ] --START--
INFO: Run Behavior\ContentReplaceBehavior [ RunTime:0.000000s ]
INFO: [ template_filter ] --END-- [ RunTime:0.000000s ]
NOTIC: [8] Undefined variable: noResult D:\phpStudy\WWW\duomi\App\Runtime\Cache\Admin\c77e08da7ce28c56861405935c64e609.php 第 33 行.
INFO: Run Behavior\ParseTemplateBehavior [ RunTime:0.006001s ]
INFO: [ view_parse ] --END-- [ RunTime:0.006001s ]
INFO: [ view_filter ] --START--
INFO: Run Behavior\WriteHtmlCacheBehavior [ RunTime:0.000000s ]
INFO: [ view_filter ] --END-- [ RunTime:0.000000s ]
INFO: [ app_end ] --START--
INFO: Run Behavior\ShowPageTraceBehavior [ RunTime:0.000000s ]
INFO: [ app_end ] --END-- [ RunTime:0.000000s ]

[ 2016-08-15T09:43:19+08:00 ] 127.0.0.1 /duomi/index.php/Admin/Index/InvestData.html
INFO: [ app_init ] --START--
INFO: Run Behavior\BuildLiteBehavior [ RunTime:0.000000s ]
INFO: [ app_init ] --END-- [ RunTime:0.000000s ]
INFO: [ app_begin ] --START--
INFO: Run Behavior\ReadHtmlCacheBehavior [ RunTime:0.000000s ]
INFO: [ app_begin ] --END-- [ RunTime:0.001000s ]
SQL: SHOW COLUMNS FROM `yjsdata_spread_data` [ RunTime:0.0070s ]
SQL: SELECT * FROM `yjsdata_spread_data` WHERE ( source_name='有米' )  [ RunTime:0.0070s ]
SQL: SELECT * FROM `yjsdata_spread_data` WHERE ( source_name='点乐' )  [ RunTime:0.0080s ]
SQL: SELECT * FROM `yjsdata_spread_data` WHERE ( source_name='万普' )  [ RunTime:0.0070s ]
SQL: select * from ((select * from yjsdata_spread_data where source_name='有米' order by id desc limit 7) as t) order by id [ RunTime:0.0080s ]
SQL: select * from ((select * from yjsdata_spread_data where source_name='万普' order by id desc limit 7) as t) order by id [ RunTime:0.0060s ]
SQL: select * from ((select * from yjsdata_spread_data where source_name='点乐' order by id desc limit 7) as t) order by id [ RunTime:0.0060s ]
INFO: [ view_parse ] --START--
INFO: [ template_filter ] --START--
INFO: Run Behavior\ContentReplaceBehavior [ RunTime:0.000000s ]
INFO: [ template_filter ] --END-- [ RunTime:0.000000s ]
NOTIC: [8] Undefined variable: noResult D:\phpStudy\WWW\duomi\App\Runtime\Cache\Admin\8dbb6b2c25a3d5e6af6a72525cd84156.php 第 33 行.
INFO: Run Behavior\ParseTemplateBehavior [ RunTime:0.004000s ]
INFO: [ view_parse ] --END-- [ RunTime:0.004000s ]
INFO: [ view_filter ] --START--
INFO: Run Behavior\WriteHtmlCacheBehavior [ RunTime:0.000000s ]
INFO: [ view_filter ] --END-- [ RunTime:0.000000s ]
INFO: [ app_end ] --START--
INFO: Run Behavior\ShowPageTraceBehavior [ RunTime:0.000000s ]
INFO: [ app_end ] --END-- [ RunTime:0.000000s ]

[ 2016-08-15T09:43:19+08:00 ] 127.0.0.1 /duomi/index.php/Admin/Index/InvestData.html
INFO: [ app_init ] --START--
INFO: Run Behavior\BuildLiteBehavior [ RunTime:0.000000s ]
INFO: [ app_init ] --END-- [ RunTime:0.000000s ]
INFO: [ app_begin ] --START--
INFO: Run Behavior\ReadHtmlCacheBehavior [ RunTime:0.001000s ]
INFO: [ app_begin ] --END-- [ RunTime:0.001000s ]
SQL: SHOW COLUMNS FROM `yjsdata_spread_data` [ RunTime:0.0070s ]
SQL: SELECT * FROM `yjsdata_spread_data` WHERE ( source_name='有米' )  [ RunTime:0.0070s ]
SQL: SELECT * FROM `yjsdata_spread_data` WHERE ( source_name='点乐' )  [ RunTime:0.0060s ]
SQL: SELECT * FROM `yjsdata_spread_data` WHERE ( source_name='万普' )  [ RunTime:0.0060s ]
SQL: select * from ((select * from yjsdata_spread_data where source_name='有米' order by id desc limit 7) as t) order by id [ RunTime:0.0070s ]
SQL: select * from ((select * from yjsdata_spread_data where source_name='万普' order by id desc limit 7) as t) order by id [ RunTime:0.0060s ]
SQL: select * from ((select * from yjsdata_spread_data where source_name='点乐' order by id desc limit 7) as t) order by id [ RunTime:0.0070s ]
INFO: [ view_parse ] --START--
INFO: [ template_filter ] --START--
INFO: Run Behavior\ContentReplaceBehavior [ RunTime:0.001000s ]
INFO: [ template_filter ] --END-- [ RunTime:0.001000s ]
NOTIC: [8] Undefined variable: noResult D:\phpStudy\WWW\duomi\App\Runtime\Cache\Admin\8dbb6b2c25a3d5e6af6a72525cd84156.php 第 33 行.
INFO: Run Behavior\ParseTemplateBehavior [ RunTime:0.004000s ]
INFO: [ view_parse ] --END-- [ RunTime:0.004000s ]
INFO: [ view_filter ] --START--
INFO: Run Behavior\WriteHtmlCacheBehavior [ RunTime:0.001000s ]
INFO: [ view_filter ] --END-- [ RunTime:0.001000s ]
INFO: [ app_end ] --START--
INFO: Run Behavior\ShowPageTraceBehavior [ RunTime:0.000000s ]
INFO: [ app_end ] --END-- [ RunTime:0.000000s ]

